This file contains any messages produced by compilers while
running configure, to aid debugging if configure makes a mistake.

It was created by configure, which was
generated by GNU Autoconf 2.63.  Invocation command line was

  $ ./configure --disable-option-checking --prefix=/usr/local --with-saslauthd --with-ldap --cache-file=.././config.cache --srcdir=.

## --------- ##
## Platform. ##
## --------- ##

hostname = Centos-Ind-Poker
uname -m = x86_64
uname -r = 2.6.18-164.el5
uname -s = Linux
uname -v = #1 SMP Thu Sep 3 03:28:30 EDT 2009

/usr/bin/uname -p = unknown
/bin/uname -X     = unknown

/bin/arch              = x86_64
/usr/bin/arch -k       = unknown
/usr/convex/getsysinfo = unknown
/usr/bin/hostinfo      = unknown
/bin/machine           = unknown
/usr/bin/oslevel       = unknown
/bin/universe          = unknown

PATH: /usr/kerberos/sbin
PATH: /usr/kerberos/bin
PATH: /usr/local/sbin
PATH: /usr/local/bin
PATH: /sbin
PATH: /bin
PATH: /usr/sbin
PATH: /usr/bin
PATH: /root/bin


## ----------- ##
## Core tests. ##
## ----------- ##

configure:1788: loading cache .././config.cache
configure:1923: checking build system type
configure:1941: result: x86_64-unknown-linux-gnu
configure:1963: checking host system type
configure:1978: result: x86_64-unknown-linux-gnu
configure:2047: checking for a BSD-compatible install
configure:2115: result: /usr/bin/install -c
configure:2126: checking whether build environment is sane
configure:2186: result: yes
configure:2327: checking for a thread-safe mkdir -p
configure:2366: result: /bin/mkdir -p
configure:2379: checking for gawk
configure:2406: result: gawk
configure:2417: checking whether make sets $(MAKE)
configure:2439: result: yes
configure:2574: checking for gcc
configure:2601: result: gcc
configure:2833: checking for C compiler version
configure:2841: gcc --version >&5
gcc (GCC) 4.1.2 20080704 (Red Hat 4.1.2-51)
Copyright (C) 2006 Free Software Foundation, Inc.
This is free software; see the source for copying conditions.  There is NO
warranty; not even for MERCHANTABILITY or FITNESS FOR A PARTICULAR PURPOSE.

configure:2845: $? = 0
configure:2852: gcc -v >&5
Using built-in specs.
Target: x86_64-redhat-linux
Configured with: ../configure --prefix=/usr --mandir=/usr/share/man --infodir=/usr/share/info --enable-shared --enable-threads=posix --enable-checking=release --with-system-zlib --enable-__cxa_atexit --disable-libunwind-exceptions --enable-libgcj-multifile --enable-languages=c,c++,objc,obj-c++,java,fortran,ada --enable-java-awt=gtk --disable-dssi --disable-plugin --with-java-home=/usr/lib/jvm/java-1.4.2-gcj-1.4.2.0/jre --with-cpu=generic --host=x86_64-redhat-linux
Thread model: posix
gcc version 4.1.2 20080704 (Red Hat 4.1.2-51)
configure:2856: $? = 0
configure:2863: gcc -V >&5
gcc: '-V' option must have argument
configure:2867: $? = 1
configure:2890: checking for C compiler default output file name
configure:2912: gcc    conftest.c  >&5
configure:2916: $? = 0
configure:2954: result: a.out
configure:2973: checking whether the C compiler works
configure:2983: ./a.out
configure:2987: $? = 0
configure:3006: result: yes
configure:3013: checking whether we are cross compiling
configure:3015: result: no
configure:3018: checking for suffix of executables
configure:3025: gcc -o conftest    conftest.c  >&5
configure:3029: $? = 0
configure:3055: result: 
configure:3061: checking for suffix of object files
configure:3116: result: o
configure:3120: checking whether we are using the GNU C compiler
configure:3173: result: yes
configure:3182: checking whether gcc accepts -g
configure:3320: result: yes
configure:3337: checking for gcc option to accept ISO C89
configure:3441: result: none needed
configure:3470: checking for style of include used by make
configure:3498: result: GNU
configure:3523: checking dependency style of gcc
configure:3633: result: gcc3
configure:3653: checking how to run the C preprocessor
configure:3771: result: gcc -E
configure:3800: gcc -E  conftest.c
configure:3807: $? = 0
configure:3838: gcc -E  conftest.c
conftest.c:12:28: error: ac_nonexistent.h: No such file or directory
configure:3845: $? = 1
configure: failed program was:
| /* confdefs.h.  */
| #define PACKAGE_NAME ""
| #define PACKAGE_TARNAME ""
| #define PACKAGE_VERSION ""
| #define PACKAGE_STRING ""
| #define PACKAGE_BUGREPORT ""
| #define HAVE_SASLAUTHD /**/
| #define PATH_SASLAUTHD_RUNDIR "/var/state/saslauthd"
| #define PACKAGE "saslauthd"
| #define VERSION "2.1.25"
| /* end confdefs.h.  */
| #include <ac_nonexistent.h>
configure:3888: checking for gawk
configure:3915: result: gawk
configure:3926: checking whether make sets $(MAKE)
configure:3948: result: yes
configure:3957: checking whether ln -s works
configure:3961: result: yes
configure:3982: checking for a BSD-compatible install
configure:4050: result: /usr/bin/install -c
configure:4064: checking for __attribute__
configure:4131: result: yes
configure:4136: checking for runpath switch
configure:4244: result: -Wl,-rpath,
configure:4250: checking for connect
configure:4333: result: yes
configure:4480: checking for res_search
configure:4563: result: no
configure:4602: gcc -o conftest -g -O2   conftest.c -lresolv   >&5
conftest.c:13: error: expected identifier or '(' before '[' token
In file included from /usr/include/sys/uio.h:29,
                 from /usr/include/sys/socket.h:27,
                 from /usr/include/netinet/in.h:24,
                 from conftest.c:15:
/usr/include/bits/uio.h:47: error: expected specifier-qualifier-list before 'size_t'
In file included from /usr/include/sys/socket.h:35,
                 from /usr/include/netinet/in.h:24,
                 from conftest.c:15:
/usr/include/bits/socket.h:221: error: expected specifier-qualifier-list before 'size_t'
/usr/include/bits/socket.h:235: error: expected specifier-qualifier-list before 'size_t'
/usr/include/bits/socket.h: In function '__cmsg_nxthdr':
/usr/include/bits/socket.h:272: error: 'size_t' undeclared (first use in this function)
/usr/include/bits/socket.h:272: error: (Each undeclared identifier is reported only once
/usr/include/bits/socket.h:272: error: for each function it appears in.)
/usr/include/bits/socket.h:272: error: expected ')' before '__cmsg'
/usr/include/bits/socket.h:277: error: 'struct cmsghdr' has no member named 'cmsg_len'
/usr/include/bits/socket.h:277: error: expected ')' before '~' token
/usr/include/bits/socket.h:278: error: 'struct msghdr' has no member named 'msg_control'
/usr/include/bits/socket.h:279: error: 'struct msghdr' has no member named 'msg_controllen'
/usr/include/bits/socket.h:280: error: 'struct cmsghdr' has no member named 'cmsg_len'
/usr/include/bits/socket.h:280: error: expected ')' before '~' token
/usr/include/bits/socket.h:281: error: 'struct msghdr' has no member named 'msg_control'
/usr/include/bits/socket.h:281: error: 'struct msghdr' has no member named 'msg_controllen'
In file included from /usr/include/netinet/in.h:24,
                 from conftest.c:15:
/usr/include/sys/socket.h: At top level:
/usr/include/sys/socket.h:136: error: expected declaration specifiers or '...' before 'size_t'
/usr/include/sys/socket.h:143: error: expected declaration specifiers or '...' before 'size_t'
/usr/include/sys/socket.h:150: error: expected declaration specifiers or '...' before 'size_t'
/usr/include/sys/socket.h:161: error: expected declaration specifiers or '...' before 'size_t'
In file included from conftest.c:16:
/usr/include/arpa/nameser.h:511: error: expected declaration specifiers or '...' before 'size_t'
/usr/include/arpa/nameser.h:513: error: expected declaration specifiers or '...' before 'size_t'
/usr/include/arpa/nameser.h:515: error: expected declaration specifiers or '...' before 'size_t'
/usr/include/arpa/nameser.h:516: error: expected declaration specifiers or '...' before 'size_t'
/usr/include/arpa/nameser.h:517: error: expected declaration specifiers or '...' before 'size_t'
/usr/include/arpa/nameser.h:520: error: expected declaration specifiers or '...' before 'size_t'
/usr/include/arpa/nameser.h:521: error: expected declaration specifiers or '...' before 'size_t'
/usr/include/arpa/nameser.h:522: error: expected declaration specifiers or '...' before 'size_t'
/usr/include/arpa/nameser.h:524: error: expected declaration specifiers or '...' before 'size_t'
/usr/include/arpa/nameser.h:528: error: expected declaration specifiers or '...' before 'size_t'
/usr/include/arpa/nameser.h:529: error: expected declaration specifiers or '...' before 'size_t'
/usr/include/arpa/nameser.h:549: error: expected declaration specifiers or '...' before 'size_t'
conftest.c:20:20: warning: extra tokens at end of #include directive
In file included from /usr/include/_G_config.h:44,
                 from /usr/include/libio.h:32,
                 from /usr/include/stdio.h:72,
                 from /usr/include/resolv.h:64,
                 from conftest.c:20:
/usr/include/gconv.h:72: error: expected declaration specifiers or '...' before 'size_t'
/usr/include/gconv.h:88: error: expected declaration specifiers or '...' before 'size_t'
/usr/include/gconv.h:97: error: expected declaration specifiers or '...' before 'size_t'
/usr/include/gconv.h:174: error: expected specifier-qualifier-list before 'size_t'
In file included from /usr/include/stdio.h:72,
                 from /usr/include/resolv.h:64,
                 from conftest.c:20:
/usr/include/libio.h:329: error: expected specifier-qualifier-list before 'size_t'
/usr/include/libio.h:361: error: expected declaration specifiers or '...' before 'size_t'
/usr/include/libio.h:370: error: expected declaration specifiers or '...' before 'size_t'
/usr/include/libio.h:486: error: expected '=', ',', ';', 'asm' or '__attribute__' before '_IO_sgetn'
In file included from /usr/include/resolv.h:64,
                 from conftest.c:20:
/usr/include/stdio.h:308: error: expected declaration specifiers or '...' before 'size_t'
/usr/include/stdio.h:315: error: expected declaration specifiers or '...' before 'size_t'
/usr/include/stdio.h:357: error: expected declaration specifiers or '...' before 'size_t'
/usr/include/stdio.h:359: error: format string argument not a string type
/usr/include/stdio.h:361: error: expected declaration specifiers or '...' before 'size_t'
/usr/include/stdio.h:363: error: format string argument not a string type
/usr/include/stdio.h:610: error: expected '=', ',', ';', 'asm' or '__attribute__' before 'fread'
/usr/include/stdio.h:616: error: expected '=', ',', ';', 'asm' or '__attribute__' before 'fwrite'
/usr/include/stdio.h:638: error: expected '=', ',', ';', 'asm' or '__attribute__' before 'fread_unlocked'
/usr/include/stdio.h:640: error: expected '=', ',', ';', 'asm' or '__attribute__' before 'fwrite_unlocked'
In file included from conftest.c:20:
/usr/include/resolv.h:323: error: expected declaration specifiers or '...' before 'size_t'
/usr/include/resolv.h:323: error: expected declaration specifiers or '...' before 'size_t'
/usr/include/resolv.h:324: error: expected declaration specifiers or '...' before 'size_t'
/usr/include/resolv.h:360: error: expected declaration specifiers or '...' before 'size_t'
conftest.c: In function 'main':
conftest.c:24: error: expected expression before '[' token
configure:4609: $? = 1
configure: failed program was:
| /* confdefs.h.  */
| #define PACKAGE_NAME ""
| #define PACKAGE_TARNAME ""
| #define PACKAGE_VERSION ""
| #define PACKAGE_STRING ""
| #define PACKAGE_BUGREPORT ""
| #define HAVE_SASLAUTHD /**/
| #define PATH_SASLAUTHD_RUNDIR "/var/state/saslauthd"
| #define PACKAGE "saslauthd"
| #define VERSION "2.1.25"
| #define HAVE___ATTRIBUTE__ 1
| /* end confdefs.h.  */
| [
| #include <sys/types.h>
| #include <netinet/in.h>
| #include <arpa/nameser.h>
| #ifdef HAVE_ARPA_NAMESER_COMPAT_H
| #include <arpa/nameser_compat.h>
| #endif
| #include <resolv.h>]
| int
| main ()
| {
| [
| const char host[12]="openafs.org";
| u_char ans[1024];
| res_search( host, C_IN, T_MX, (u_char *)&ans, sizeof(ans));
| return 0;
| ]
|   ;
|   return 0;
| }
configure:4637: checking for dn_expand
configure:4722: result: no
configure:4637: checking for dns_lookup
configure:4722: result: no
configure:4739: checking for grep that handles long lines and -e
configure:4799: result: /bin/grep
configure:4804: checking for egrep
configure:4868: result: /bin/grep -E
configure:4873: checking for ANSI C header files
configure:5041: result: yes
configure:5065: checking for sys/types.h
configure:5110: result: yes
configure:5065: checking for sys/stat.h
configure:5110: result: yes
configure:5065: checking for stdlib.h
configure:5110: result: yes
configure:5065: checking for string.h
configure:5110: result: yes
configure:5065: checking for memory.h
configure:5110: result: yes
configure:5065: checking for strings.h
configure:5110: result: yes
configure:5065: checking for inttypes.h
configure:5110: result: yes
configure:5065: checking for stdint.h
configure:5110: result: yes
configure:5065: checking for unistd.h
configure:5110: result: yes
configure:5134: checking size of long
configure:5479: result: 8
configure:5489: checking what directory libraries are found in
configure:5508: result: lib64
configure:5544: checking for RSAPublicEncrypt in -lrsaref
configure:5607: result: no
configure:5688: checking for openssl/evp.h
configure:5693: result: yes
configure:5816: checking for EVP_DigestInit in -lcrypto
configure:5879: result: yes
configure:5906: checking for OpenSSL
configure:5908: result: yes
configure:5929: checking for des_cbc_encrypt in -lcrypto
configure:5992: result: no
configure:6142: checking for DES_cbc_encrypt in -lcrypto
configure:6205: result: yes
configure:6210: checking for openssl/des.h
configure:6215: result: yes
configure:7534: checking KERBEROS_V4
configure:7554: result: disabled
configure:7559: checking for crypt
configure:7642: result: no
configure:7647: checking for crypt in -lcrypt
configure:7710: result: yes
configure:7791: checking for gssapi.h
configure:7796: result: yes
configure:8063: checking for gssapi/gssapi_ext.h
configure:8070: result: no
configure:8226: checking for res_search in -lresolv
configure:8289: result: no
configure:8317: checking for gss_unwrap in -lgssapi
configure:8380: result: no
configure:8395: checking for krb5int_getspecific in -lkrb5support
configure:8458: result: yes
configure:8466: checking for gss_unwrap in -lgssapi_krb5
configure:8529: result: yes
configure:9033: checking GSSAPI
configure:9036: result: with implementation mit
configure:9038: checking for res_search in -lresolv
configure:9101: result: no
configure:9122: checking for gsskrb5_register_acceptor_identity
configure:9207: result: no
configure:9223: checking for gss_decapsulate_token
configure:9308: result: no
configure:9324: checking for gss_encapsulate_token
configure:9409: result: no
configure:9425: checking for gss_oid_equal
configure:9510: result: no
configure:9530: checking for gss_get_name_attribute
configure:9615: result: no
configure:9652: checking for crypt
configure:9735: result: no
configure:9740: checking for crypt in -lcrypt
configure:9803: result: yes
configure:11631: checking for pam_start in -lpam
configure:11694: result: yes
configure:11699: checking for security/pam_appl.h
configure:11704: result: yes
configure:11863: checking for PAM support
configure:11865: result: yes
configure:11879: checking for inet_aton in -lresolv
configure:11942: result: yes
configure:11954: checking to include LDAP support
configure:11964: result: yes
configure:11981: checking for ldap_initialize in -lldap
configure:12044: result: yes
configure:12063: checking for ANSI C header files
configure:12231: result: yes
configure:12241: checking for sys/wait.h that is POSIX.1 compatible
configure:12299: result: yes
configure:12309: checking whether time.h and sys/time.h may both be included
configure:12361: result: yes
configure:12383: checking for crypt.h
configure:12390: result: yes
configure:12383: checking for fcntl.h
configure:12390: result: yes
configure:12383: checking for krb5.h
configure:12390: result: yes
configure:12383: checking for strings.h
configure:12390: result: yes
configure:12383: checking for syslog.h
configure:12390: result: yes
configure:12383: checking for unistd.h
configure:12390: result: yes
configure:12383: checking for sys/time.h
configure:12390: result: yes
configure:12383: checking for sys/uio.h
configure:12390: result: yes
configure:12525: checking for an ANSI C-conforming const
configure:12622: result: yes
configure:12632: checking for pid_t
configure:12724: result: yes
configure:12740: checking whether gcc implements __func__
configure:12766: gcc -o conftest -g -O2   conftest.c -lresolv  >&5
configure:12773: $? = 0
configure:12794: result: yes
configure:12932: checking return type of signal handlers
configure:12982: result: void
configure:12997: checking for gethostname
configure:13082: result: yes
configure:12997: checking for mkdir
configure:13082: result: yes
configure:12997: checking for socket
configure:13082: result: yes
configure:12997: checking for strdup
configure:13082: result: yes
configure:13099: checking for getspnam
configure:13184: result: yes
configure:13201: checking for strlcat
configure:13286: result: no
configure:13201: checking for strlcpy
configure:13286: result: no
configure:13300: checking if getpwnam_r/getspnam_r take 5 arguments
configure:13332: gcc -c -g -O2  conftest.c >&5
configure:13339: $? = 0
configure:13344: result: yes
configure:13366: checking for getaddrinfo
configure:13449: result: yes
configure:13772: checking for getnameinfo
configure:13855: result: yes
configure:14176: checking whether you have ss_family in struct sockaddr_storage
configure:14234: result: yes
configure:14237: checking whether you have sa_len in struct sockaddr
configure:14295: result: no
configure:14298: checking for socklen_t
configure:14361: result: yes
configure:14526: creating ./config.status

## ---------------------- ##
## Running config.status. ##
## ---------------------- ##

This file was extended by config.status, which was
generated by GNU Autoconf 2.63.  Invocation command line was

  CONFIG_FILES    = 
  CONFIG_HEADERS  = 
  CONFIG_LINKS    = 
  CONFIG_COMMANDS = 
  $ ./config.status 

on Centos-Ind-Poker

config.status:837: creating Makefile
config.status:837: creating saslauthd.h
config.status:1059: saslauthd.h is unchanged
config.status:1111: executing depfiles commands

## ---------------- ##
## Cache variables. ##
## ---------------- ##

ac_cv___attribute__=yes
ac_cv_build=x86_64-unknown-linux-gnu
ac_cv_c_compiler_gnu=yes
ac_cv_c_const=yes
ac_cv_c_inline=inline
ac_cv_can_build_shared=yes
ac_cv_cmu_lib_subdir=lib64
ac_cv_env_CC_set=
ac_cv_env_CC_value=
ac_cv_env_CFLAGS_set=
ac_cv_env_CFLAGS_value=
ac_cv_env_CPPFLAGS_set=
ac_cv_env_CPPFLAGS_value=
ac_cv_env_CPP_set=
ac_cv_env_CPP_value=
ac_cv_env_LDFLAGS_set=
ac_cv_env_LDFLAGS_value=
ac_cv_env_LIBS_set=
ac_cv_env_LIBS_value=
ac_cv_env_build_alias_set=
ac_cv_env_build_alias_value=
ac_cv_env_host_alias_set=
ac_cv_env_host_alias_value=
ac_cv_env_target_alias_set=
ac_cv_env_target_alias_value=
ac_cv_exeext=
ac_cv_func_connect=yes
ac_cv_func_crypt=no
ac_cv_func_dn_expand=no
ac_cv_func_dns_lookup=no
ac_cv_func_gai_strerror=yes
ac_cv_func_getaddrinfo=yes
ac_cv_func_getdomainname=yes
ac_cv_func_gethostname=yes
ac_cv_func_getnameinfo=yes
ac_cv_func_getpassphrase=no
ac_cv_func_getpwnam=yes
ac_cv_func_getspnam=yes
ac_cv_func_getsubopt=yes
ac_cv_func_gettimeofday=yes
ac_cv_func_gss_decapsulate_token=no
ac_cv_func_gss_encapsulate_token=no
ac_cv_func_gss_get_name_attribute=no
ac_cv_func_gss_oid_equal=no
ac_cv_func_gsskrb5_register_acceptor_identity=no
ac_cv_func_inet_aton=yes
ac_cv_func_jrand48=yes
ac_cv_func_memcpy=yes
ac_cv_func_mkdir=yes
ac_cv_func_pam_start=no
ac_cv_func_res_search=no
ac_cv_func_select=yes
ac_cv_func_snprintf=yes
ac_cv_func_socket=yes
ac_cv_func_strchr=yes
ac_cv_func_strdup=yes
ac_cv_func_strerror=yes
ac_cv_func_strlcat=no
ac_cv_func_strlcpy=no
ac_cv_func_strspn=yes
ac_cv_func_strstr=yes
ac_cv_func_strtol=yes
ac_cv_func_syslog=yes
ac_cv_func_vsnprintf=yes
ac_cv_header_crypt_h=yes
ac_cv_header_db_h=yes
ac_cv_header_des_h=no
ac_cv_header_dirent_dirent_h=yes
ac_cv_header_dlfcn_h=yes
ac_cv_header_fcntl_h=yes
ac_cv_header_gssapi_gssapi_ext_h=no
ac_cv_header_gssapi_h=yes
ac_cv_header_inttypes_h=yes
ac_cv_header_krb5_h=yes
ac_cv_header_limits_h=yes
ac_cv_header_malloc_h=yes
ac_cv_header_memory_h=yes
ac_cv_header_openssl_des_h=yes
ac_cv_header_openssl_evp_h=yes
ac_cv_header_pam_pam_appl_h=no
ac_cv_header_paths_h=yes
ac_cv_header_security_pam_appl_h=yes
ac_cv_header_stdarg_h=yes
ac_cv_header_stdc=yes
ac_cv_header_stdint_h=yes
ac_cv_header_stdlib_h=yes
ac_cv_header_string_h=yes
ac_cv_header_strings_h=yes
ac_cv_header_sys_file_h=yes
ac_cv_header_sys_param_h=yes
ac_cv_header_sys_stat_h=yes
ac_cv_header_sys_time_h=yes
ac_cv_header_sys_types_h=yes
ac_cv_header_sys_uio_h=yes
ac_cv_header_sys_wait_h=yes
ac_cv_header_sysexits_h=yes
ac_cv_header_syslog_h=yes
ac_cv_header_time=yes
ac_cv_header_unistd_h=yes
ac_cv_header_varargs_h=no
ac_cv_host=x86_64-unknown-linux-gnu
ac_cv_lib_crypt_crypt=yes
ac_cv_lib_crypto_DES_cbc_encrypt=yes
ac_cv_lib_crypto_EVP_DigestInit=yes
ac_cv_lib_crypto_des_cbc_encrypt=no
ac_cv_lib_dl_dlopen=yes
ac_cv_lib_gssapi_gss_unwrap=no
ac_cv_lib_gssapi_krb5_gss_unwrap=yes
ac_cv_lib_inet6_gai_strerror=no
ac_cv_lib_inet6_getaddrinfo=no
ac_cv_lib_inet6_getnameinfo=no
ac_cv_lib_krb5support_krb5int_getspecific=yes
ac_cv_lib_ldap_ldap_initialize=yes
ac_cv_lib_opie_opiechallenge=no
ac_cv_lib_pam_pam_start=yes
ac_cv_lib_resolv_inet_aton=yes
ac_cv_lib_resolv_res_search=no
ac_cv_lib_rsaref_RSAPublicEncrypt=no
ac_cv_lib_socket_gai_strerror=no
ac_cv_lib_socket_getaddrinfo=no
ac_cv_lib_socket_getnameinfo=no
ac_cv_objext=o
ac_cv_path_EGREP='/bin/grep -E'
ac_cv_path_GREP=/bin/grep
ac_cv_path_LD=/usr/bin/ld
ac_cv_path_NM='/usr/bin/nm -B'
ac_cv_path_install='/usr/bin/install -c'
ac_cv_path_mkdir=/bin/mkdir
ac_cv_prog_AWK=gawk
ac_cv_prog_CPP='gcc -E'
ac_cv_prog_NM='/usr/bin/nm -B'
ac_cv_prog_ac_ct_CC=gcc
ac_cv_prog_ac_ct_RANLIB=ranlib
ac_cv_prog_cc_c89=
ac_cv_prog_cc_g=yes
ac_cv_prog_gnu_ld=yes
ac_cv_prog_make_make_set=yes
ac_cv_search_opendir='none required'
ac_cv_sizeof_long=8
ac_cv_target=x86_64-unknown-linux-gnu
ac_cv_type_mode_t=yes
ac_cv_type_pid_t=yes
ac_cv_type_signal=void
am_cv_CC_dependencies_compiler_type=gcc3
andrew_cv_runpath_switch=-Wl,-rpath,
ipv6_cv_gai_strerror=yes
ipv6_cv_getaddrinfo=yes
ipv6_cv_getnameinfo=yes
ipv6_cv_sa_len=no
ipv6_cv_socklen_t=yes
ipv6_cv_ss_family=yes
sasl_cv_getaddrinfo=no
sasl_cv_getnameinfo=no
sasl_cv_getsubopt=no
sasl_cv_snprintf=no
sasl_cv_uscore=no

## ----------------- ##
## Output variables. ##
## ----------------- ##

ACLOCAL='${SHELL} /root/cyrus-sasl-2.1.25/saslauthd/config/missing --run aclocal-1.11 -I $(top_srcdir)/cmulocal'
AMDEPBACKSLASH='\'
AMDEP_FALSE='#'
AMDEP_TRUE=''
AMTAR='${SHELL} /root/cyrus-sasl-2.1.25/saslauthd/config/missing --run tar'
AUTOCONF='${SHELL} /root/cyrus-sasl-2.1.25/saslauthd/config/missing --run autoconf'
AUTOHEADER='${SHELL} /root/cyrus-sasl-2.1.25/saslauthd/config/missing --run autoheader'
AUTOMAKE='${SHELL} /root/cyrus-sasl-2.1.25/saslauthd/config/missing --run automake-1.11'
AWK='gawk'
CC='gcc'
CCDEPMODE='depmode=gcc3'
CFLAGS='-g -O2'
CMU_LIB_SUBDIR='lib64'
CPP='gcc -E'
CPPFLAGS=''
CYGPATH_W='echo'
DEFS='-DHAVE_CONFIG_H'
DEPDIR='.deps'
ECHO_C=''
ECHO_N='-n'
ECHO_T=''
EGREP='/bin/grep -E'
EXEEXT=''
GREP='/bin/grep'
GSSAPIBASE_LIBS=' -lgssapi_krb5 -lkrb5 -lk5crypto -lcom_err -lkrb5support'
GSSAPI_LIBS=''
INSTALL_DATA='${INSTALL} -m 644'
INSTALL_PROGRAM='${INSTALL}'
INSTALL_SCRIPT='${INSTALL}'
INSTALL_STRIP_PROGRAM='$(install_sh) -c -s'
LDAP_LIBS='-lldap -llber -lcrypto '
LDFLAGS=''
LIBOBJS=''
LIBS='-lresolv '
LIB_CRYPT='-lcrypt'
LIB_DES='-lcrypto'
LIB_PAM='-lpam'
LIB_SIA=''
LIB_SOCKET=''
LN_S='ln -s'
LTLIBOBJS=''
MAIN_COMPAT_OBJ='saslauthd-unix.o'
MAKEINFO='${SHELL} /root/cyrus-sasl-2.1.25/saslauthd/config/missing --run makeinfo'
MKDIR_P='/bin/mkdir -p'
OBJEXT='o'
PACKAGE='saslauthd'
PACKAGE_BUGREPORT=''
PACKAGE_NAME=''
PACKAGE_STRING=''
PACKAGE_TARNAME=''
PACKAGE_VERSION=''
PATH_SEPARATOR=':'
SASLAUTHD_FALSE='#'
SASLAUTHD_TRUE=''
SASL_DB_BACKEND=''
SASL_DB_BACKEND_STATIC=''
SASL_DB_INC=''
SASL_DB_LIB=''
SASL_DB_MANS=''
SASL_DB_UTILS=''
SASL_KRB_LIB=''
SET_MAKE=''
SHELL='/bin/sh'
STRIP=''
VERSION='2.1.25'
ac_ct_CC='gcc'
am__EXEEXT_FALSE=''
am__EXEEXT_TRUE='#'
am__fastdepCC_FALSE='#'
am__fastdepCC_TRUE=''
am__include='include'
am__isrc=''
am__leading_dot='.'
am__quote=''
am__tar='${AMTAR} chof - "$$tardir"'
am__untar='${AMTAR} xf -'
bindir='${exec_prefix}/bin'
build='x86_64-unknown-linux-gnu'
build_alias=''
build_cpu='x86_64'
build_os='linux-gnu'
build_vendor='unknown'
datadir='${datarootdir}'
datarootdir='${prefix}/share'
docdir='${datarootdir}/doc/${PACKAGE}'
dvidir='${docdir}'
exec_prefix='${prefix}'
host='x86_64-unknown-linux-gnu'
host_alias=''
host_cpu='x86_64'
host_os='linux-gnu'
host_vendor='unknown'
htmldir='${docdir}'
includedir='${prefix}/include'
infodir='${datarootdir}/info'
install_sh='${SHELL} /root/cyrus-sasl-2.1.25/saslauthd/config/install-sh'
libdir='${exec_prefix}/lib'
libexecdir='${exec_prefix}/libexec'
localedir='${datarootdir}/locale'
localstatedir='${prefix}/var'
mandir='${datarootdir}/man'
mkdir_p='/bin/mkdir -p'
oldincludedir='/usr/include'
pdfdir='${docdir}'
prefix='/usr/local'
program_transform_name='s,x,x,'
psdir='${docdir}'
sbindir='${exec_prefix}/sbin'
sharedstatedir='${prefix}/com'
sysconfdir='${prefix}/etc'
target_alias=''

## ----------- ##
## confdefs.h. ##
## ----------- ##

#define PACKAGE_NAME ""
#define PACKAGE_TARNAME ""
#define PACKAGE_VERSION ""
#define PACKAGE_STRING ""
#define PACKAGE_BUGREPORT ""
#define HAVE_SASLAUTHD /**/
#define PATH_SASLAUTHD_RUNDIR "/var/state/saslauthd"
#define PACKAGE "saslauthd"
#define VERSION "2.1.25"
#define HAVE___ATTRIBUTE__ 1
#define STDC_HEADERS 1
#define HAVE_SYS_TYPES_H 1
#define HAVE_SYS_STAT_H 1
#define HAVE_STDLIB_H 1
#define HAVE_STRING_H 1
#define HAVE_MEMORY_H 1
#define HAVE_STRINGS_H 1
#define HAVE_INTTYPES_H 1
#define HAVE_STDINT_H 1
#define HAVE_UNISTD_H 1
#define SIZEOF_LONG 8
#define HAVE_OPENSSL /**/
#define WITH_SSL_DES /**/
#define WITH_DES /**/
#define HAVE_GSSAPI_H /**/
#define HAVE_GSS_C_NT_HOSTBASED_SERVICE /**/
#define HAVE_GSS_C_NT_USER_NAME /**/
#define HAVE_GSSAPI /**/
#define HAVE_PAM /**/
#define HAVE_LIBRESOLV 1
#define HAVE_LDAP /**/
#define STDC_HEADERS 1
#define HAVE_SYS_WAIT_H 1
#define TIME_WITH_SYS_TIME 1
#define HAVE_CRYPT_H 1
#define HAVE_FCNTL_H 1
#define HAVE_KRB5_H 1
#define HAVE_STRINGS_H 1
#define HAVE_SYSLOG_H 1
#define HAVE_UNISTD_H 1
#define HAVE_SYS_TIME_H 1
#define HAVE_SYS_UIO_H 1
#define HAVE_FUNC /**/
#define RETSIGTYPE void
#define HAVE_GETHOSTNAME 1
#define HAVE_MKDIR 1
#define HAVE_SOCKET 1
#define HAVE_STRDUP 1
#define HAVE_GETSPNAM 1
#define GETXXNAM_R_5ARG 1
#define HAVE_GETADDRINFO /**/
#define HAVE_GETNAMEINFO /**/
#define HAVE_SS_FAMILY /**/
#define HAVE_SOCKLEN_T /**/
#define HAVE_STRUCT_SOCKADDR_STORAGE /**/

configure: exit 0
